Jan 24 2019 08:21:04
{"type":2,"message":"set_time_limit() has been disabled for security reasons","file":"\/usr\/home\/tustorneosdegolf.com\/web\/wp-content\/plugins\/all-in-one-wp-migration\/functions.php","line":1340}

Jan 24 2019 08:21:10
{"type":2,"message":"set_time_limit() has been disabled for security reasons","file":"\/usr\/home\/tustorneosdegolf.com\/web\/wp-content\/plugins\/all-in-one-wp-migration\/functions.php","line":1340}

Jan 24 2019 08:21:16
{"type":2,"message":"set_time_limit() has been disabled for security reasons","file":"\/usr\/home\/tustorneosdegolf.com\/web\/wp-content\/plugins\/all-in-one-wp-migration\/functions.php","line":1340}

Jan 24 2019 08:21:23
{"type":2,"message":"set_time_limit() has been disabled for security reasons","file":"\/usr\/home\/tustorneosdegolf.com\/web\/wp-content\/plugins\/all-in-one-wp-migration\/functions.php","line":1340}

Jan 24 2019 08:21:46
{"type":2,"message":"set_time_limit() has been disabled for security reasons","file":"\/usr\/home\/tustorneosdegolf.com\/web\/wp-content\/plugins\/all-in-one-wp-migration\/functions.php","line":1340}

Jan 24 2019 08:22:01
{"type":2,"message":"set_time_limit() has been disabled for security reasons","file":"\/usr\/home\/tustorneosdegolf.com\/web\/wp-content\/plugins\/all-in-one-wp-migration\/functions.php","line":1340}

Jan 24 2019 08:22:16
{"type":2,"message":"set_time_limit() has been disabled for security reasons","file":"\/usr\/home\/tustorneosdegolf.com\/web\/wp-content\/plugins\/all-in-one-wp-migration\/functions.php","line":1340}

Jan 24 2019 08:22:32
{"type":2,"message":"set_time_limit() has been disabled for security reasons","file":"\/usr\/home\/tustorneosdegolf.com\/web\/wp-content\/plugins\/all-in-one-wp-migration\/functions.php","line":1340}

Jan 24 2019 08:23:26
{"type":2,"message":"set_time_limit() has been disabled for security reasons","file":"\/usr\/home\/tustorneosdegolf.com\/web\/wp-content\/plugins\/all-in-one-wp-migration\/functions.php","line":1340}

Jan 24 2019 08:23:42
{"type":2,"message":"set_time_limit() has been disabled for security reasons","file":"\/usr\/home\/tustorneosdegolf.com\/web\/wp-content\/plugins\/all-in-one-wp-migration\/functions.php","line":1340}

Jan 24 2019 08:24:03
{"type":2,"message":"set_time_limit() has been disabled for security reasons","file":"\/usr\/home\/tustorneosdegolf.com\/web\/wp-content\/plugins\/all-in-one-wp-migration\/functions.php","line":1340}

Jan 24 2019 08:24:12
{"type":2,"message":"set_time_limit() has been disabled for security reasons","file":"\/usr\/home\/tustorneosdegolf.com\/web\/wp-content\/plugins\/all-in-one-wp-migration\/functions.php","line":1340}

Jan 24 2019 08:24:24
{"type":2,"message":"set_time_limit() has been disabled for security reasons","file":"\/usr\/home\/tustorneosdegolf.com\/web\/wp-content\/plugins\/all-in-one-wp-migration\/functions.php","line":1340}

Jan 24 2019 08:24:31
{"type":2,"message":"set_time_limit() has been disabled for security reasons","file":"\/usr\/home\/tustorneosdegolf.com\/web\/wp-content\/plugins\/all-in-one-wp-migration\/functions.php","line":1340}

Jan 24 2019 08:24:37
{"type":2,"message":"set_time_limit() has been disabled for security reasons","file":"\/usr\/home\/tustorneosdegolf.com\/web\/wp-content\/plugins\/all-in-one-wp-migration\/functions.php","line":1340}

Jan 24 2019 08:24:40
{"type":2,"message":"set_time_limit() has been disabled for security reasons","file":"\/usr\/home\/tustorneosdegolf.com\/web\/wp-content\/plugins\/all-in-one-wp-migration\/functions.php","line":1340}

Jan 24 2019 08:26:46
{"type":2,"message":"set_time_limit() has been disabled for security reasons","file":"\/usr\/home\/tustorneosdegolf.com\/web\/wp-content\/plugins\/all-in-one-wp-migration\/functions.php","line":1340}

Jan 24 2019 08:26:50
{"type":2,"message":"set_time_limit() has been disabled for security reasons","file":"\/usr\/home\/tustorneosdegolf.com\/web\/wp-content\/plugins\/all-in-one-wp-migration\/functions.php","line":1340}

Jan 24 2019 08:26:55
{"type":2,"message":"set_time_limit() has been disabled for security reasons","file":"\/usr\/home\/tustorneosdegolf.com\/web\/wp-content\/plugins\/all-in-one-wp-migration\/functions.php","line":1340}

Jan 24 2019 08:26:59
{"type":2,"message":"set_time_limit() has been disabled for security reasons","file":"\/usr\/home\/tustorneosdegolf.com\/web\/wp-content\/plugins\/all-in-one-wp-migration\/functions.php","line":1340}

Jan 24 2019 08:27:22
{"type":2,"message":"set_time_limit() has been disabled for security reasons","file":"\/usr\/home\/tustorneosdegolf.com\/web\/wp-content\/plugins\/all-in-one-wp-migration\/functions.php","line":1340}

Jan 24 2019 08:27:39
{"type":2,"message":"set_time_limit() has been disabled for security reasons","file":"\/usr\/home\/tustorneosdegolf.com\/web\/wp-content\/plugins\/all-in-one-wp-migration\/functions.php","line":1340}

Jan 24 2019 08:27:49
{"type":2,"message":"set_time_limit() has been disabled for security reasons","file":"\/usr\/home\/tustorneosdegolf.com\/web\/wp-content\/plugins\/all-in-one-wp-migration\/functions.php","line":1340}

Jan 24 2019 08:29:34
{"type":2,"message":"set_time_limit() has been disabled for security reasons","file":"\/usr\/home\/tustorneosdegolf.com\/web\/wp-content\/plugins\/all-in-one-wp-migration\/functions.php","line":1340}

Jan 24 2019 08:29:40
{"type":2,"message":"set_time_limit() has been disabled for security reasons","file":"\/usr\/home\/tustorneosdegolf.com\/web\/wp-content\/plugins\/all-in-one-wp-migration\/functions.php","line":1340}

Jan 24 2019 08:29:44
{"type":2,"message":"set_time_limit() has been disabled for security reasons","file":"\/usr\/home\/tustorneosdegolf.com\/web\/wp-content\/plugins\/all-in-one-wp-migration\/functions.php","line":1340}

Jan 24 2019 08:29:49
{"type":2,"message":"set_time_limit() has been disabled for security reasons","file":"\/usr\/home\/tustorneosdegolf.com\/web\/wp-content\/plugins\/all-in-one-wp-migration\/functions.php","line":1340}

Jan 24 2019 08:30:13
{"type":2,"message":"set_time_limit() has been disabled for security reasons","file":"\/usr\/home\/tustorneosdegolf.com\/web\/wp-content\/plugins\/all-in-one-wp-migration\/functions.php","line":1340}

Jan 24 2019 08:30:29
{"type":2,"message":"set_time_limit() has been disabled for security reasons","file":"\/usr\/home\/tustorneosdegolf.com\/web\/wp-content\/plugins\/all-in-one-wp-migration\/functions.php","line":1340}

Jan 24 2019 08:30:45
{"type":2,"message":"set_time_limit() has been disabled for security reasons","file":"\/usr\/home\/tustorneosdegolf.com\/web\/wp-content\/plugins\/all-in-one-wp-migration\/functions.php","line":1340}

Jan 24 2019 08:31:03
{"type":2,"message":"set_time_limit() has been disabled for security reasons","file":"\/usr\/home\/tustorneosdegolf.com\/web\/wp-content\/plugins\/all-in-one-wp-migration\/functions.php","line":1340}

Jan 24 2019 08:31:27
{"type":2,"message":"set_time_limit() has been disabled for security reasons","file":"\/usr\/home\/tustorneosdegolf.com\/web\/wp-content\/plugins\/all-in-one-wp-migration\/functions.php","line":1340}

Jan 24 2019 08:31:43
{"type":2,"message":"set_time_limit() has been disabled for security reasons","file":"\/usr\/home\/tustorneosdegolf.com\/web\/wp-content\/plugins\/all-in-one-wp-migration\/functions.php","line":1340}

Jan 24 2019 08:31:58
{"type":2,"message":"set_time_limit() has been disabled for security reasons","file":"\/usr\/home\/tustorneosdegolf.com\/web\/wp-content\/plugins\/all-in-one-wp-migration\/functions.php","line":1340}

Jan 24 2019 08:32:20
{"type":2,"message":"set_time_limit() has been disabled for security reasons","file":"\/usr\/home\/tustorneosdegolf.com\/web\/wp-content\/plugins\/all-in-one-wp-migration\/functions.php","line":1340}

Jan 24 2019 08:32:24
{"type":2,"message":"set_time_limit() has been disabled for security reasons","file":"\/usr\/home\/tustorneosdegolf.com\/web\/wp-content\/plugins\/all-in-one-wp-migration\/functions.php","line":1340}

Jan 24 2019 08:32:26
{"type":2,"message":"set_time_limit() has been disabled for security reasons","file":"\/usr\/home\/tustorneosdegolf.com\/web\/wp-content\/plugins\/all-in-one-wp-migration\/functions.php","line":1340}

Jan 24 2019 08:32:28
{"type":2,"message":"set_time_limit() has been disabled for security reasons","file":"\/usr\/home\/tustorneosdegolf.com\/web\/wp-content\/plugins\/all-in-one-wp-migration\/functions.php","line":1340}

Jan 24 2019 08:32:31
{"type":2,"message":"set_time_limit() has been disabled for security reasons","file":"\/usr\/home\/tustorneosdegolf.com\/web\/wp-content\/plugins\/all-in-one-wp-migration\/functions.php","line":1340}

Jan 24 2019 08:32:33
{"type":2,"message":"set_time_limit() has been disabled for security reasons","file":"\/usr\/home\/tustorneosdegolf.com\/web\/wp-content\/plugins\/all-in-one-wp-migration\/functions.php","line":1340}

Jan 24 2019 08:32:35
{"type":2,"message":"set_time_limit() has been disabled for security reasons","file":"\/usr\/home\/tustorneosdegolf.com\/web\/wp-content\/plugins\/all-in-one-wp-migration\/functions.php","line":1340}

Jan 24 2019 08:32:37
{"type":2,"message":"set_time_limit() has been disabled for security reasons","file":"\/usr\/home\/tustorneosdegolf.com\/web\/wp-content\/plugins\/all-in-one-wp-migration\/functions.php","line":1340}

Jan 24 2019 08:33:00
{"type":2,"message":"set_time_limit() has been disabled for security reasons","file":"\/usr\/home\/tustorneosdegolf.com\/web\/wp-content\/plugins\/all-in-one-wp-migration\/functions.php","line":1340}

Jan 24 2019 08:33:16
{"type":2,"message":"set_time_limit() has been disabled for security reasons","file":"\/usr\/home\/tustorneosdegolf.com\/web\/wp-content\/plugins\/all-in-one-wp-migration\/functions.php","line":1340}

Jan 24 2019 08:33:28
{"type":2,"message":"set_time_limit() has been disabled for security reasons","file":"\/usr\/home\/tustorneosdegolf.com\/web\/wp-content\/plugins\/all-in-one-wp-migration\/functions.php","line":1340}

Jul 20 2022 06:03:15
{"Number":8192,"Message":"explode(): Passing null to parameter #2 ($string) of type string is deprecated","File":"\/home\/heroadnl\/public_html\/wp-content\/plugins\/all-in-one-wp-migration\/functions.php","Line":338}

Jul 20 2022 06:03:15
{"type":8192,"message":"Return type of ActionScheduler_DateTime::getTimestamp() should either be compatible with DateTime::getTimestamp(): int, or the #[\\ReturnTypeWillChange] attribute should be used to temporarily suppress the notice","file":"\/home\/heroadnl\/public_html\/wp-content\/plugins\/woocommerce\/packages\/action-scheduler\/classes\/ActionScheduler_DateTime.php","line":27}

Jul 20 2022 06:03:16
{"type":8192,"message":"Return type of ActionScheduler_DateTime::getTimestamp() should either be compatible with DateTime::getTimestamp(): int, or the #[\\ReturnTypeWillChange] attribute should be used to temporarily suppress the notice","file":"\/home\/heroadnl\/public_html\/wp-content\/plugins\/woocommerce\/packages\/action-scheduler\/classes\/ActionScheduler_DateTime.php","line":27}

Jul 20 2022 06:03:16
{"type":8192,"message":"Return type of ActionScheduler_DateTime::getTimestamp() should either be compatible with DateTime::getTimestamp(): int, or the #[\\ReturnTypeWillChange] attribute should be used to temporarily suppress the notice","file":"\/home\/heroadnl\/public_html\/wp-content\/plugins\/woocommerce\/packages\/action-scheduler\/classes\/ActionScheduler_DateTime.php","line":27}

Jul 20 2022 06:03:16
{"type":8192,"message":"Return type of ActionScheduler_DateTime::getTimestamp() should either be compatible with DateTime::getTimestamp(): int, or the #[\\ReturnTypeWillChange] attribute should be used to temporarily suppress the notice","file":"\/home\/heroadnl\/public_html\/wp-content\/plugins\/woocommerce\/packages\/action-scheduler\/classes\/ActionScheduler_DateTime.php","line":27}

Jul 20 2022 06:03:17
{"type":8192,"message":"Return type of ActionScheduler_DateTime::getTimestamp() should either be compatible with DateTime::getTimestamp(): int, or the #[\\ReturnTypeWillChange] attribute should be used to temporarily suppress the notice","file":"\/home\/heroadnl\/public_html\/wp-content\/plugins\/woocommerce\/packages\/action-scheduler\/classes\/ActionScheduler_DateTime.php","line":27}

Jul 20 2022 06:03:28
{"type":8192,"message":"Return type of ActionScheduler_DateTime::getTimestamp() should either be compatible with DateTime::getTimestamp(): int, or the #[\\ReturnTypeWillChange] attribute should be used to temporarily suppress the notice","file":"\/home\/heroadnl\/public_html\/wp-content\/plugins\/woocommerce\/packages\/action-scheduler\/classes\/ActionScheduler_DateTime.php","line":27}

Jul 20 2022 06:03:38
{"type":8192,"message":"Return type of ActionScheduler_DateTime::getTimestamp() should either be compatible with DateTime::getTimestamp(): int, or the #[\\ReturnTypeWillChange] attribute should be used to temporarily suppress the notice","file":"\/home\/heroadnl\/public_html\/wp-content\/plugins\/woocommerce\/packages\/action-scheduler\/classes\/ActionScheduler_DateTime.php","line":27}

Jul 20 2022 06:03:48
{"type":8192,"message":"Return type of ActionScheduler_DateTime::getTimestamp() should either be compatible with DateTime::getTimestamp(): int, or the #[\\ReturnTypeWillChange] attribute should be used to temporarily suppress the notice","file":"\/home\/heroadnl\/public_html\/wp-content\/plugins\/woocommerce\/packages\/action-scheduler\/classes\/ActionScheduler_DateTime.php","line":27}

Jul 20 2022 06:03:59
{"type":8192,"message":"Return type of ActionScheduler_DateTime::getTimestamp() should either be compatible with DateTime::getTimestamp(): int, or the #[\\ReturnTypeWillChange] attribute should be used to temporarily suppress the notice","file":"\/home\/heroadnl\/public_html\/wp-content\/plugins\/woocommerce\/packages\/action-scheduler\/classes\/ActionScheduler_DateTime.php","line":27}

Jul 20 2022 06:04:09
{"Number":8192,"Message":"DateTime::__construct(): Passing null to parameter #1 ($datetime) of type string is deprecated","File":"\/home\/heroadnl\/public_html\/wp-content\/plugins\/woocommerce\/packages\/action-scheduler\/functions.php","Line":316}

Jul 20 2022 06:04:09
{"type":8192,"message":"Return type of ActionScheduler_DateTime::getTimestamp() should either be compatible with DateTime::getTimestamp(): int, or the #[\\ReturnTypeWillChange] attribute should be used to temporarily suppress the notice","file":"\/home\/heroadnl\/public_html\/wp-content\/plugins\/woocommerce\/packages\/action-scheduler\/classes\/ActionScheduler_DateTime.php","line":27}

Jul 20 2022 06:04:11
{"type":8192,"message":"Return type of ActionScheduler_DateTime::getTimestamp() should either be compatible with DateTime::getTimestamp(): int, or the #[\\ReturnTypeWillChange] attribute should be used to temporarily suppress the notice","file":"\/home\/heroadnl\/public_html\/wp-content\/plugins\/woocommerce\/packages\/action-scheduler\/classes\/ActionScheduler_DateTime.php","line":27}

Jul 20 2022 06:04:16
{"type":8192,"message":"Return type of ActionScheduler_DateTime::getTimestamp() should either be compatible with DateTime::getTimestamp(): int, or the #[\\ReturnTypeWillChange] attribute should be used to temporarily suppress the notice","file":"\/home\/heroadnl\/public_html\/wp-content\/plugins\/woocommerce\/packages\/action-scheduler\/classes\/ActionScheduler_DateTime.php","line":27}

Jul 20 2022 06:04:21
{"type":8192,"message":"Return type of ActionScheduler_DateTime::getTimestamp() should either be compatible with DateTime::getTimestamp(): int, or the #[\\ReturnTypeWillChange] attribute should be used to temporarily suppress the notice","file":"\/home\/heroadnl\/public_html\/wp-content\/plugins\/woocommerce\/packages\/action-scheduler\/classes\/ActionScheduler_DateTime.php","line":27}

Jul 20 2022 06:04:21
{"type":8192,"message":"Return type of ActionScheduler_DateTime::getTimestamp() should either be compatible with DateTime::getTimestamp(): int, or the #[\\ReturnTypeWillChange] attribute should be used to temporarily suppress the notice","file":"\/home\/heroadnl\/public_html\/wp-content\/plugins\/woocommerce\/packages\/action-scheduler\/classes\/ActionScheduler_DateTime.php","line":27}

Jul 20 2022 06:04:21
{"type":8192,"message":"Return type of ActionScheduler_DateTime::getTimestamp() should either be compatible with DateTime::getTimestamp(): int, or the #[\\ReturnTypeWillChange] attribute should be used to temporarily suppress the notice","file":"\/home\/heroadnl\/public_html\/wp-content\/plugins\/woocommerce\/packages\/action-scheduler\/classes\/ActionScheduler_DateTime.php","line":27}

